
> bright-track-app@0.0.0 dev:full
> concurrently "npm run server" "npm run dev"

[0] 
[0] > bright-track-app@0.0.0 server
[0] > node server.js
[0] 
[1] 
[1] > bright-track-app@0.0.0 dev
[1] > vite
[1] 
[0] [dotenv@17.2.1] injecting env (16) from .env -- tip: 📡 version env with Radar: https://dotenvx.com/radar
[0] 🔄 Initializing PostgreSQL database...
[0] ✅ PostgreSQL connection pool initialized successfully
[1] Port 5173 is in use, trying another one...
[1] 
[1]   VITE v6.3.5  ready in 68 ms
[1] 
[1]   ➜  Local:   http://localhost:5174/
[1]   ➜  Network: http://192.168.254.177:5174/
[1]   ➜  Network: http://192.168.254.176:5174/
[0] (node:18239) Warning: Setting the NODE_TLS_REJECT_UNAUTHORIZED environment variable to '0' makes TLS connections and HTTPS requests insecure by disabling certificate verification.
[0] (Use `node --trace-warnings ...` to show where the warning was created)
[0] ✅ PostgreSQL schema initialized successfully
[0] 🔄 Checking for sample data...
[0] students using: PostgreSQL direct
[0] ✅ Database initialized successfully
[0] 🚀 Bright Track server running on http://localhost:3001
[0] ✅ PostgreSQL database connected and ready
[1] 12:07:48 PM [vite] vite.config.js changed, restarting server...
[1] 12:07:48 PM [vite] (client) Re-optimizing dependencies because lockfile has changed
[1] 12:07:48 PM [vite] server restarted.
[1] 12:09:36 PM [vite] .env.local changed, restarting server...
[1] 12:09:36 PM [vite] .env.local changed, restarting server...
[1] 12:09:36 PM [vite] server restarted.
[1] 12:30:13 PM [vite] .env.local changed, restarting server...
[1] 12:30:13 PM [vite] server restarted.
[1] 12:42:21 PM [vite] vite.config.js changed, restarting server...
[1] 12:42:21 PM [vite] server restarted.
