[dotenv@17.2.1] injecting env (16) from .env -- tip: ⚙️  override existing env vars with { override: true }
🔄 Initializing PostgreSQL database...
✅ PostgreSQL connection pool initialized successfully
(node:16565) Warning: Setting the NODE_TLS_REJECT_UNAUTHORIZED environment variable to '0' makes TLS connections and HTTPS requests insecure by disabling certificate verification.
(Use `node --trace-warnings ...` to show where the warning was created)
✅ PostgreSQL schema initialized successfully
🔄 Checking for sample data...
students using: PostgreSQL direct
✅ Database initialized successfully
node:events:496
      throw er; // Unhandled 'error' event
      ^

Error: listen EADDRINUSE: address already in use :::3001
    at Server.setupListenHandle [as _listen2] (node:net:1937:16)
    at listenInCluster (node:net:1994:12)
    at Server.listen (node:net:2099:7)
    at Function.listen (/Users/brandonhinrichs/Local Repositories/Apps/bright-track-3233ad6b/node_modules/express/lib/application.js:635:24)
    at startServer (file:///Users/brandonhinrichs/Local%20Repositories/Apps/bright-track-3233ad6b/server.js:328:7)
    at process.processTicksAndRejections (node:internal/process/task_queues:105:5)
Emitted 'error' event on Server instance at:
    at emitErrorNT (node:net:1973:8)
    at process.processTicksAndRejections (node:internal/process/task_queues:90:21) {
  code: 'EADDRINUSE',
  errno: -48,
  syscall: 'listen',
  address: '::',
  port: 3001
}

Node.js v22.14.0
